This is pdfTeX, Version 3.14159265-2.6-1.40.19 (TeX Live 2018) (preloaded format=pdflatex 2018.11.2)  2 NOV 2018 22:37
entering extended mode
 restricted \write18 enabled.
 file:line:error style messages enabled.
 %&-line parsing enabled.
**181107oda.tex
(./181107oda.tex
LaTeX2e <2018-04-01> patch level 2
Babel <3.18> and hyphenation patterns for 84 language(s) loaded.

./181107oda.tex:7: Package inputenc Error: Unicode character ^^[ (U+1B)
(inputenc)                not set up for use with LaTeX.

See the inputenc package documentation for explanation.
Type  H <return>  for immediate help.
 ...                                              
                                                  
l.7 ^^[
       (J\^^[(Bdocumentclass[a4j,twocolumn]{jarticle}
? 
./181107oda.tex:7: Emergency stop.
 ...                                              
                                                  
l.7 ^^[
       (J\^^[(Bdocumentclass[a4j,twocolumn]{jarticle}
You may provide a definition with
\DeclareUnicodeCharacter 

 
Here is how much of TeX's memory you used:
 6 strings out of 492649
 338 string characters out of 6129622
 56788 words of memory out of 5000000
 3988 multiletter control sequences out of 15000+600000
 3640 words of font info for 14 fonts, out of 8000000 for 9000
 1141 hyphenation exceptions out of 8191
 8i,0n,8p,76b,14s stack positions out of 5000i,500n,10000p,200000b,80000s
./181107oda.tex:7:  ==> Fatal error occurred, no output PDF file produced!
etter control sequences out of 15000+600000
 3640 words of font info for 14 fonts, out of 8000000 for 9000
 1141 hyphenation exceptions out of 8191
 13i,0n,8p,102b,14s stack positions out of 5000i,500n,10000p,200000b,80000s
/usr/local/texlive/2018/texmf-dist/tex/platex/base/jarticle.cls:16:  ==> Fatal 
error occurred, no output PDF file produced!
